c:\sdl\mlin_sdl\mlin_sdl\debug\vc141.pdb
c:\sdl\mlin_sdl\mlin_sdl\debug\vc141.idb
c:\sdl\mlin_sdl\mlin_sdl\debug\startscreen.obj
c:\sdl\mlin_sdl\mlin_sdl\debug\map.obj
c:\sdl\mlin_sdl\mlin_sdl\debug\game.obj
c:\sdl\mlin_sdl\mlin_sdl\debug\player.obj
c:\sdl\mlin_sdl\mlin_sdl\debug\texturemanager.obj
c:\sdl\mlin_sdl\mlin_sdl\debug\textbox.obj
c:\sdl\mlin_sdl\mlin_sdl\debug\piece.obj
c:\sdl\mlin_sdl\mlin_sdl\debug\main.obj
c:\sdl\mlin_sdl\mlin_sdl\debug\gameobject.obj
c:\sdl\mlin_sdl\mlin_sdl\debug\animatedobject.obj
c:\sdl\mlin_sdl\mlin_sdl\debug\audioplayer.obj
c:\sdl\mlin_sdl\debug\mlin_sdl.exe
c:\sdl\mlin_sdl\debug\mlin_sdl.ilk
c:\sdl\mlin_sdl\debug\mlin_sdl.pdb
c:\sdl\mlin_sdl\mlin_sdl\debug\mlin_sdl.tlog\cl.command.1.tlog
c:\sdl\mlin_sdl\mlin_sdl\debug\mlin_sdl.tlog\cl.read.1.tlog
c:\sdl\mlin_sdl\mlin_sdl\debug\mlin_sdl.tlog\cl.write.1.tlog
c:\sdl\mlin_sdl\mlin_sdl\debug\mlin_sdl.tlog\link.command.1.tlog
c:\sdl\mlin_sdl\mlin_sdl\debug\mlin_sdl.tlog\link.read.1.tlog
c:\sdl\mlin_sdl\mlin_sdl\debug\mlin_sdl.tlog\link.write.1.tlog
